{"/workspace/visio-conf/server.js": {"path":"/workspace/visio-conf/server.js","statementMap":{"0":{"start":{"line":1,"column":16},"end":{"line":1,"column":34}},"1":{"start":{"line":2,"column":51},"end":{"line":2,"column":82}},"2":{"start":{"line":4,"column":12},"end":{"line":4,"column":21}},"3":{"start":{"line":5,"column":0},"end":{"line":5,"column":24}},"4":{"start":{"line":8,"column":15},"end":{"line":8,"column":70}},"5":{"start":{"line":9,"column":22},"end":{"line":9,"column":91}},"6":{"start":{"line":11,"column":0},"end":{"line":28,"column":3}},"7":{"start":{"line":12,"column":29},"end":{"line":12,"column":37}},"8":{"start":{"line":15,"column":21},"end":{"line":15,"column":56}},"9":{"start":{"line":16,"column":2},"end":{"line":18,"column":3}},"10":{"start":{"line":17,"column":4},"end":{"line":17,"column":61}},"11":{"start":{"line":20,"column":2},"end":{"line":27,"column":3}},"12":{"start":{"line":22,"column":18},"end":{"line":22,"column":74}},"13":{"start":{"line":23,"column":4},"end":{"line":23,"column":24}},"14":{"start":{"line":25,"column":4},"end":{"line":25,"column":52}},"15":{"start":{"line":26,"column":4},"end":{"line":26,"column":77}},"16":{"start":{"line":31,"column":0},"end":{"line":33,"column":3}},"17":{"start":{"line":32,"column":2},"end":{"line":32,"column":66}},"18":{"start":{"line":35,"column":13},"end":{"line":35,"column":37}},"19":{"start":{"line":38,"column":0},"end":{"line":40,"column":1}},"20":{"start":{"line":39,"column":2},"end":{"line":39,"column":77}},"21":{"start":{"line":39,"column":25},"end":{"line":39,"column":75}},"22":{"start":{"line":42,"column":0},"end":{"line":42,"column":21}}},"fnMap":{"0":{"name":"(anonymous_0)","decl":{"start":{"line":11,"column":32},"end":{"line":11,"column":33}},"loc":{"start":{"line":11,"column":46},"end":{"line":28,"column":1}},"line":11},"1":{"name":"(anonymous_1)","decl":{"start":{"line":31,"column":19},"end":{"line":31,"column":20}},"loc":{"start":{"line":31,"column":33},"end":{"line":33,"column":1}},"line":31},"2":{"name":"(anonymous_2)","decl":{"start":{"line":39,"column":19},"end":{"line":39,"column":20}},"loc":{"start":{"line":39,"column":25},"end":{"line":39,"column":75}},"line":39}},"branchMap":{"0":{"loc":{"start":{"line":8,"column":15},"end":{"line":8,"column":70}},"type":"binary-expr","locations":[{"start":{"line":8,"column":15},"end":{"line":8,"column":43}},{"start":{"line":8,"column":47},"end":{"line":8,"column":70}}],"line":8},"1":{"loc":{"start":{"line":9,"column":22},"end":{"line":9,"column":91}},"type":"binary-expr","locations":[{"start":{"line":9,"column":22},"end":{"line":9,"column":57}},{"start":{"line":9,"column":61},"end":{"line":9,"column":91}}],"line":9},"2":{"loc":{"start":{"line":16,"column":2},"end":{"line":18,"column":3}},"type":"if","locations":[{"start":{"line":16,"column":2},"end":{"line":18,"column":3}},{"start":{},"end":{}}],"line":16},"3":{"loc":{"start":{"line":35,"column":13},"end":{"line":35,"column":37}},"type":"binary-expr","locations":[{"start":{"line":35,"column":13},"end":{"line":35,"column":29}},{"start":{"line":35,"column":33},"end":{"line":35,"column":37}}],"line":35},"4":{"loc":{"start":{"line":38,"column":0},"end":{"line":40,"column":1}},"type":"if","locations":[{"start":{"line":38,"column":0},"end":{"line":40,"column":1}},{"start":{},"end":{}}],"line":38}},"s":{"0":2,"1":2,"2":2,"3":2,"4":2,"5":2,"6":2,"7":15,"8":15,"9":15,"10":8,"11":7,"12":7,"13":4,"14":3,"15":3,"16":2,"17":2,"18":2,"19":2,"20":0,"21":0,"22":2},"f":{"0":15,"1":2,"2":0},"b":{"0":[2,2],"1":[2,2],"2":[8,7],"3":[2,2],"4":[0,2]},"_coverageSchema":"1a1c01bbd47fc00a2c39e90264f33305004495a9","hash":"c5fc81153f6db986408728548bf20ace01713388"}
}
