TN:
SF:server-original.js
FN:76,(anonymous_0)
FN:81,(anonymous_1)
FN:90,(anonymous_2)
FN:104,(anonymous_3)
FN:127,(anonymous_4)
FN:179,(anonymous_5)
FN:180,(anonymous_6)
FN:193,(anonymous_7)
FN:216,(anonymous_8)
FN:254,(anonymous_9)
FNF:10
FNH:0
FNDA:0,(anonymous_0)
FNDA:0,(anonymous_1)
FNDA:0,(anonymous_2)
FNDA:0,(anonymous_3)
FNDA:0,(anonymous_4)
FNDA:0,(anonymous_5)
FNDA:0,(anonymous_6)
FNDA:0,(anonymous_7)
FNDA:0,(anonymous_8)
FNDA:0,(anonymous_9)
DA:1,0
DA:2,0
DA:3,0
DA:4,0
DA:5,0
DA:8,0
DA:16,0
DA:24,0
DA:26,0
DA:29,0
DA:35,0
DA:45,0
DA:46,0
DA:49,0
DA:50,0
DA:53,0
DA:54,0
DA:57,0
DA:58,0
DA:59,0
DA:62,0
DA:63,0
DA:64,0
DA:67,0
DA:76,0
DA:77,0
DA:81,0
DA:82,0
DA:90,0
DA:91,0
DA:92,0
DA:97,0
DA:104,0
DA:105,0
DA:107,0
DA:110,0
DA:113,0
DA:114,0
DA:117,0
DA:119,0
DA:121,0
DA:122,0
DA:127,0
DA:128,0
DA:129,0
DA:132,0
DA:133,0
DA:134,0
DA:138,0
DA:139,0
DA:140,0
DA:144,0
DA:145,0
DA:146,0
DA:150,0
DA:151,0
DA:154,0
DA:157,0
DA:166,0
DA:167,0
DA:170,0
DA:173,0
DA:174,0
DA:179,0
DA:180,0
DA:181,0
DA:182,0
DA:183,0
DA:185,0
DA:190,0
DA:194,0
DA:195,0
DA:198,0
DA:200,0
DA:202,0
DA:210,0
DA:216,0
DA:217,0
DA:220,0
DA:221,0
DA:222,0
DA:223,0
DA:229,0
DA:231,0
DA:236,0
DA:242,0
DA:247,0
DA:248,0
DA:250,0
DA:253,0
DA:254,0
DA:255,0
DA:256,0
DA:257,0
DA:261,0
LF:95
LH:0
BRDA:36,0,0,0
BRDA:36,0,1,0
BRDA:53,1,0,0
BRDA:53,1,1,0
BRDA:54,2,0,0
BRDA:54,2,1,0
BRDA:57,3,0,0
BRDA:57,3,1,0
BRDA:58,4,0,0
BRDA:58,4,1,0
BRDA:59,5,0,0
BRDA:59,5,1,0
BRDA:85,6,0,0
BRDA:85,6,1,0
BRDA:91,7,0,0
BRDA:91,7,1,0
BRDA:132,8,0,0
BRDA:132,8,1,0
BRDA:138,9,0,0
BRDA:138,9,1,0
BRDA:144,10,0,0
BRDA:144,10,1,0
BRDA:154,11,0,0
BRDA:154,11,1,0
BRDA:158,12,0,0
BRDA:158,12,1,0
BRDA:159,13,0,0
BRDA:159,13,1,0
BRDA:159,13,2,0
BRDA:181,14,0,0
BRDA:181,14,1,0
BRDA:198,15,0,0
BRDA:198,15,1,0
BRDA:220,16,0,0
BRDA:220,16,1,0
BRDA:250,17,0,0
BRDA:250,17,1,0
BRDA:253,18,0,0
BRDA:253,18,1,0
BRF:39
BRH:0
end_of_record
TN:
SF:server.js
FN:47,(anonymous_0)
FN:145,(anonymous_1)
FN:152,(anonymous_2)
FN:176,(anonymous_3)
FN:197,(anonymous_4)
FN:217,(anonymous_5)
FN:270,(anonymous_6)
FN:297,(anonymous_7)
FN:301,(anonymous_8)
FN:321,(anonymous_9)
FN:359,(anonymous_10)
FN:379,(anonymous_11)
FN:384,(anonymous_12)
FN:391,(anonymous_13)
FN:397,(anonymous_14)
FN:404,(anonymous_15)
FN:411,(anonymous_16)
FNF:17
FNH:3
FNDA:1,(anonymous_0)
FNDA:4,(anonymous_1)
FNDA:0,(anonymous_2)
FNDA:0,(anonymous_3)
FNDA:0,(anonymous_4)
FNDA:0,(anonymous_5)
FNDA:0,(anonymous_6)
FNDA:0,(anonymous_7)
FNDA:0,(anonymous_8)
FNDA:0,(anonymous_9)
FNDA:0,(anonymous_10)
FNDA:0,(anonymous_11)
FNDA:0,(anonymous_12)
FNDA:0,(anonymous_13)
FNDA:0,(anonymous_14)
FNDA:0,(anonymous_15)
FNDA:1,(anonymous_16)
DA:1,1
DA:2,1
DA:3,1
DA:4,1
DA:5,1
DA:6,1
DA:9,1
DA:10,1
DA:13,1
DA:14,1
DA:15,1
DA:22,1
DA:25,1
DA:26,0
DA:27,0
DA:29,0
DA:40,1
DA:41,1
DA:44,1
DA:45,1
DA:47,1
DA:48,1
DA:49,1
DA:50,0
DA:51,0
DA:52,0
DA:54,0
DA:57,0
DA:62,1
DA:65,1
DA:66,0
DA:67,0
DA:71,1
DA:74,1
DA:85,1
DA:88,1
DA:98,1
DA:99,1
DA:102,1
DA:116,1
DA:117,0
DA:118,0
DA:120,1
DA:123,1
DA:126,1
DA:127,1
DA:130,1
DA:138,1
DA:145,4
DA:146,1
DA:147,0
DA:148,0
DA:152,1
DA:153,0
DA:167,0
DA:168,0
DA:171,0
DA:172,0
DA:176,1
DA:177,0
DA:178,0
DA:179,0
DA:188,0
DA:191,0
DA:192,0
DA:197,1
DA:198,0
DA:199,0
DA:200,0
DA:203,0
DA:204,0
DA:206,0
DA:208,0
DA:209,0
DA:211,0
DA:212,0
DA:217,1
DA:218,0
DA:219,0
DA:221,0
DA:222,0
DA:223,0
DA:226,0
DA:227,0
DA:228,0
DA:232,0
DA:233,0
DA:234,0
DA:238,0
DA:245,0
DA:248,0
DA:258,0
DA:259,0
DA:261,0
DA:262,0
DA:264,0
DA:265,0
DA:270,1
DA:271,0
DA:272,0
DA:273,0
DA:276,0
DA:282,0
DA:283,0
DA:284,0
DA:286,0
DA:288,0
DA:289,0
DA:291,0
DA:292,0
DA:297,1
DA:298,0
DA:299,0
DA:301,0
DA:302,0
DA:303,0
DA:304,0
DA:307,0
DA:308,0
DA:309,0
DA:312,0
DA:313,0
DA:318,1
DA:322,0
DA:323,0
DA:326,0
DA:327,0
DA:328,0
DA:332,0
DA:339,0
DA:345,0
DA:352,0
DA:353,0
DA:359,1
DA:360,0
DA:363,0
DA:364,0
DA:367,0
DA:372,1
DA:373,0
DA:376,1
DA:379,1
DA:380,0
DA:384,1
DA:385,0
DA:388,0
DA:391,0
DA:392,0
DA:393,0
DA:397,1
DA:398,0
DA:401,0
DA:404,0
DA:405,0
DA:406,0
DA:411,1
DA:412,1
DA:419,1
LF:158
LH:54
BRDA:25,0,0,0
BRDA:25,0,1,1
BRDA:36,1,0,0
BRDA:36,1,1,0
BRDA:41,2,0,1
BRDA:41,2,1,0
BRDA:50,3,0,0
BRDA:50,3,1,0
BRDA:65,4,0,0
BRDA:65,4,1,1
BRDA:89,5,0,0
BRDA:89,5,1,1
BRDA:103,6,0,1
BRDA:103,6,1,0
BRDA:110,7,0,0
BRDA:110,7,1,1
BRDA:116,8,0,0
BRDA:116,8,1,1
BRDA:116,9,0,1
BRDA:116,9,1,0
BRDA:133,10,0,1
BRDA:133,10,1,0
BRDA:134,11,0,1
BRDA:134,11,1,0
BRDA:146,12,0,0
BRDA:146,12,1,1
BRDA:157,13,0,0
BRDA:157,13,1,0
BRDA:160,14,0,0
BRDA:160,14,1,0
BRDA:161,15,0,0
BRDA:161,15,1,0
BRDA:162,16,0,0
BRDA:162,16,1,0
BRDA:167,17,0,0
BRDA:167,17,1,0
BRDA:167,18,0,0
BRDA:167,18,1,0
BRDA:171,19,0,0
BRDA:171,19,1,0
BRDA:178,20,0,0
BRDA:178,20,1,0
BRDA:178,21,0,0
BRDA:178,21,1,0
BRDA:221,22,0,0
BRDA:221,22,1,0
BRDA:226,23,0,0
BRDA:226,23,1,0
BRDA:226,24,0,0
BRDA:226,24,1,0
BRDA:232,25,0,0
BRDA:232,25,1,0
BRDA:249,26,0,0
BRDA:249,26,1,0
BRDA:249,26,2,0
BRDA:250,27,0,0
BRDA:250,27,1,0
BRDA:250,27,2,0
BRDA:251,28,0,0
BRDA:251,28,1,0
BRDA:272,29,0,0
BRDA:272,29,1,0
BRDA:272,30,0,0
BRDA:272,30,1,0
BRDA:283,31,0,0
BRDA:283,31,1,0
BRDA:302,32,0,0
BRDA:302,32,1,0
BRDA:327,33,0,0
BRDA:327,33,1,0
BRDA:363,34,0,0
BRDA:363,34,1,0
BRDA:372,35,0,0
BRDA:372,35,1,1
BRDA:413,36,0,1
BRDA:413,36,1,0
BRDA:414,37,0,0
BRDA:414,37,1,1
BRDA:415,38,0,0
BRDA:415,38,1,1
BRF:80
BRH:15
end_of_record
TN:
SF:test-api.js
FN:24,(anonymous_0)
FN:29,(anonymous_1)
FN:33,(anonymous_2)
FN:50,(anonymous_3)
FNF:4
FNH:0
FNDA:0,(anonymous_0)
FNDA:0,(anonymous_1)
FNDA:0,(anonymous_2)
FNDA:0,(anonymous_3)
DA:3,0
DA:6,0
DA:11,0
DA:22,0
DA:24,0
DA:25,0
DA:26,0
DA:28,0
DA:29,0
DA:30,0
DA:33,0
DA:34,0
DA:35,0
DA:36,0
DA:38,0
DA:39,0
DA:41,0
DA:44,0
DA:45,0
DA:50,0
DA:51,0
DA:54,0
DA:55,0
LF:23
LH:0
BRDA:38,0,0,0
BRDA:38,0,1,0
BRDA:38,1,0,0
BRDA:38,1,1,0
BRF:4
BRH:0
end_of_record
TN:
SF:lib/auth.js
FN:8,generatePKCE
FN:18,generateState
FN:32,buildAuthUrl
FN:52,exchangeCodeForToken
FN:74,decodeIdToken
FN:100,validateState
FNF:6
FNH:5
FNDA:107,generatePKCE
FNDA:107,generateState
FNDA:4,buildAuthUrl
FNDA:0,exchangeCodeForToken
FNDA:3,decodeIdToken
FNDA:5,validateState
DA:1,4
DA:2,4
DA:9,107
DA:10,107
DA:11,107
DA:19,107
DA:33,4
DA:34,3
DA:35,3
DA:36,3
DA:37,3
DA:38,3
DA:39,3
DA:40,3
DA:42,3
DA:53,0
DA:66,0
DA:75,3
DA:76,3
DA:77,0
DA:80,3
DA:81,3
DA:82,2
DA:85,1
DA:86,1
DA:87,1
DA:89,0
DA:90,0
DA:101,5
DA:102,3
DA:104,2
DA:107,4
LF:32
LH:27
BRDA:76,0,0,0
BRDA:76,0,1,3
BRDA:76,1,0,3
BRDA:76,1,1,3
BRDA:81,2,0,2
BRDA:81,2,1,1
BRDA:101,3,0,3
BRDA:101,3,1,2
BRDA:101,4,0,5
BRDA:101,4,1,3
BRF:10
BRH:9
end_of_record
TN:
SF:lib/franceTravailAuth.js
FN:10,(anonymous_0)
FN:31,exchangeCodeForToken
FN:68,refreshAccessToken
FN:103,getUserInfo
FN:138,validateToken
FNF:5
FNH:4
FNDA:0,(anonymous_0)
FNDA:6,exchangeCodeForToken
FNDA:3,refreshAccessToken
FNDA:2,getUserInfo
FNDA:2,validateToken
DA:1,2
DA:2,2
DA:5,2
DA:6,2
DA:7,2
DA:11,0
DA:15,0
DA:17,2
DA:21,2
DA:23,2
DA:25,2
DA:32,6
DA:33,6
DA:35,6
DA:44,6
DA:53,2
DA:54,2
DA:56,4
DA:61,4
DA:69,3
DA:70,3
DA:72,3
DA:79,3
DA:88,2
DA:89,2
DA:91,1
DA:96,1
DA:104,2
DA:105,2
DA:109,2
DA:117,1
DA:118,1
DA:120,1
DA:127,1
DA:139,2
DA:140,2
DA:148,1
DA:149,1
DA:151,1
DA:152,1
DA:156,2
LF:41
LH:39
BRDA:11,0,0,0
BRDA:11,0,1,0
BRDA:21,1,0,2
BRDA:21,1,1,1
BRDA:23,2,0,2
BRDA:23,2,1,1
BRDA:25,3,0,2
BRDA:25,3,1,1
BRF:8
BRH:6
end_of_record
TN:
SF:lib/logger.js
FNF:0
FNH:0
DA:1,6
DA:4,6
DA:30,6
DA:31,6
DA:40,6
DA:41,6
DA:42,6
DA:43,6
DA:44,0
DA:47,6
LF:10
LH:9
BRDA:5,0,0,6
BRDA:5,0,1,5
BRDA:30,1,0,6
BRDA:30,1,1,0
BRDA:43,2,0,0
BRDA:43,2,1,6
BRF:6
BRH:4
end_of_record
TN:
SF:lib/middleware.js
FN:11,requireAuth
FN:26,validateRequest
FN:27,(anonymous_2)
FN:55,errorHandler
FN:95,notFoundHandler
FN:109,requestLogger
FN:112,(anonymous_6)
FN:132,rateLimit
FN:135,(anonymous_8)
FN:142,(anonymous_9)
FNF:10
FNH:10
FNDA:6,requireAuth
FNDA:5,validateRequest
FNDA:4,(anonymous_2)
FNDA:5,errorHandler
FNDA:1,notFoundHandler
FNDA:5,requestLogger
FNDA:5,(anonymous_6)
FNDA:4,rateLimit
FNDA:9,(anonymous_8)
FNDA:5,(anonymous_9)
DA:12,6
DA:13,5
DA:18,1
DA:27,5
DA:28,4
DA:30,4
DA:31,8
DA:32,5
DA:36,4
DA:37,3
DA:44,1
DA:56,5
DA:59,5
DA:60,5
DA:61,5
DA:64,5
DA:65,1
DA:66,1
DA:67,1
DA:68,4
DA:69,1
DA:70,1
DA:71,1
DA:72,3
DA:73,1
DA:74,1
DA:75,1
DA:79,5
DA:80,1
DA:83,5
DA:96,1
DA:110,5
DA:112,5
DA:113,5
DA:114,5
DA:116,5
DA:118,5
DA:119,4
DA:123,5
DA:133,4
DA:135,4
DA:136,9
DA:137,9
DA:138,9
DA:141,9
DA:142,5
DA:143,4
DA:147,9
DA:149,9
DA:150,2
DA:158,7
DA:159,7
DA:161,7
DA:165,2
LF:54
LH:54
BRDA:12,0,0,5
BRDA:12,0,1,1
BRDA:12,1,0,6
BRDA:12,1,1,5
BRDA:31,2,0,5
BRDA:31,2,1,3
BRDA:31,3,0,8
BRDA:31,3,1,4
BRDA:31,3,2,4
BRDA:36,4,0,3
BRDA:36,4,1,1
BRDA:64,5,0,1
BRDA:64,5,1,4
BRDA:68,6,0,1
BRDA:68,6,1,3
BRDA:72,7,0,1
BRDA:72,7,1,2
BRDA:79,8,0,1
BRDA:79,8,1,4
BRDA:79,9,0,5
BRDA:79,9,1,1
BRDA:86,10,0,5
BRDA:86,10,1,4
BRDA:114,11,0,4
BRDA:114,11,1,1
BRDA:118,12,0,4
BRDA:118,12,1,1
BRDA:132,13,0,0
BRDA:132,14,0,0
BRDA:136,15,0,9
BRDA:136,15,1,0
BRDA:141,16,0,4
BRDA:141,16,1,5
BRDA:147,17,0,9
BRDA:147,17,1,5
BRDA:149,18,0,2
BRDA:149,18,1,7
BRF:37
BRH:34
end_of_record
TN:
SF:lib/redis.js
FN:6,(anonymous_0)
FN:13,(anonymous_1)
FN:31,(anonymous_2)
FN:35,(anonymous_3)
FN:39,(anonymous_4)
FN:43,(anonymous_5)
FN:56,(anonymous_6)
FN:60,(anonymous_7)
FNF:8
FNH:7
FNDA:13,(anonymous_0)
FNDA:0,(anonymous_1)
FNDA:2,(anonymous_2)
FNDA:1,(anonymous_3)
FNDA:1,(anonymous_4)
FNDA:1,(anonymous_5)
FNDA:2,(anonymous_6)
FNDA:3,(anonymous_7)
DA:1,4
DA:2,4
DA:4,4
DA:6,4
DA:7,13
DA:9,13
DA:11,13
DA:14,0
DA:15,0
DA:16,0
DA:18,0
DA:19,0
DA:20,0
DA:22,0
DA:23,0
DA:24,0
DA:27,0
DA:31,13
DA:32,2
DA:35,13
DA:36,1
DA:39,13
DA:40,1
DA:43,13
DA:44,1
DA:47,13
DA:48,11
DA:50,1
DA:52,1
DA:56,4
DA:57,2
DA:60,4
DA:61,3
DA:62,2
DA:63,2
DA:64,1
DA:66,1
DA:71,4
LF:38
LH:28
BRDA:9,0,0,13
BRDA:9,0,1,11
BRDA:14,1,0,0
BRDA:14,1,1,0
BRDA:14,2,0,0
BRDA:14,2,1,0
BRDA:18,3,0,0
BRDA:18,3,1,0
BRDA:22,4,0,0
BRDA:22,4,1,0
BRDA:61,5,0,2
BRDA:61,5,1,1
BRF:12
BRH:4
end_of_record
TN:
SF:lib/tokenGenerator.js
FN:12,generateZegoToken
FN:54,validateTokenParams
FNF:2
FNH:2
FNDA:15,generateZegoToken
FNDA:12,validateTokenParams
DA:1,1
DA:13,15
DA:14,4
DA:17,11
DA:18,3
DA:21,8
DA:22,8
DA:23,8
DA:25,8
DA:30,8
DA:43,8
DA:45,8
DA:55,12
DA:56,6
DA:59,6
DA:60,5
DA:63,1
DA:66,1
LF:18
LH:18
BRDA:12,0,0,11
BRDA:13,1,0,4
BRDA:13,1,1,11
BRDA:13,2,0,15
BRDA:13,2,1,14
BRDA:13,2,2,13
BRDA:13,2,3,12
BRDA:17,3,0,3
BRDA:17,3,1,8
BRDA:17,4,0,11
BRDA:17,4,1,10
BRDA:55,5,0,6
BRDA:55,5,1,6
BRDA:55,6,0,12
BRDA:55,6,1,8
BRDA:55,6,2,7
BRDA:59,7,0,5
BRDA:59,7,1,1
BRDA:59,8,0,6
BRDA:59,8,1,3
BRDA:59,8,2,2
BRF:21
BRH:21
end_of_record
TN:
SF:lib/zegoToken.js
FN:11,validateTokenParams
FN:45,generateZegoToken
FN:87,isTokenExpired
FNF:3
FNH:3
FNDA:26,validateTokenParams
FNDA:19,generateZegoToken
FNDA:6,isTokenExpired
DA:1,4
DA:12,26
DA:14,26
DA:15,5
DA:18,26
DA:19,4
DA:22,26
DA:23,4
DA:26,26
DA:27,4
DA:30,26
DA:47,19
DA:48,19
DA:49,5
DA:52,14
DA:53,14
DA:54,14
DA:57,14
DA:63,14
DA:77,14
DA:79,14
DA:88,6
DA:89,6
DA:90,6
DA:92,3
DA:93,3
DA:95,2
DA:96,2
DA:98,1
DA:102,4
LF:30
LH:30
BRDA:14,0,0,5
BRDA:14,0,1,21
BRDA:14,1,0,26
BRDA:14,1,1,22
BRDA:14,1,2,21
BRDA:18,2,0,4
BRDA:18,2,1,22
BRDA:18,3,0,26
BRDA:18,3,1,23
BRDA:18,3,2,22
BRDA:22,4,0,4
BRDA:22,4,1,22
BRDA:22,5,0,26
BRDA:22,5,1,23
BRDA:22,5,2,22
BRDA:26,6,0,4
BRDA:26,6,1,22
BRDA:26,7,0,26
BRDA:26,7,1,23
BRDA:26,7,2,22
BRDA:45,8,0,14
BRDA:48,9,0,5
BRDA:48,9,1,14
BRDA:90,10,0,3
BRDA:90,10,1,3
BRF:25
BRH:25
end_of_record
