TN:
SF:server.js
FN:11,(anonymous_0)
FN:31,(anonymous_1)
FN:39,(anonymous_2)
FNF:3
FNH:2
FNDA:15,(anonymous_0)
FNDA:2,(anonymous_1)
FNDA:0,(anonymous_2)
DA:1,2
DA:2,2
DA:4,2
DA:5,2
DA:8,2
DA:9,2
DA:11,2
DA:12,15
DA:15,15
DA:16,15
DA:17,8
DA:20,7
DA:22,7
DA:23,4
DA:25,3
DA:26,3
DA:31,2
DA:32,2
DA:35,2
DA:38,2
DA:39,0
DA:42,2
LF:22
LH:21
BRDA:8,0,0,2
BRDA:8,0,1,2
BRDA:9,1,0,2
BRDA:9,1,1,2
BRDA:16,2,0,8
BRDA:16,2,1,7
BRDA:35,3,0,2
BRDA:35,3,1,2
BRDA:38,4,0,0
BRDA:38,4,1,2
BRF:10
BRH:9
end_of_record
